<?xml version="1.0" encoding="UTF-8"?>
<!-- Generated by org.testng.reporters.JUnitXMLReporter -->
<testsuite ignored="0" hostname="0716RDNAB13" failures="1" tests="3" name="login" time="2.525" errors="0" timestamp="11 Feb 2022 21:30:50 GMT">
  <testcase classname="testcases.TC003Login" name="verifyLogin1" time="1.165"/>
  <testcase classname="testcases.TC003Login" name="verifyLogin2" time="1.028"/>
  <testcase classname="testcases.TC003Login" name="verifyLogin" time="0.0">
    <failure type="org.testng.TestNGException" message="
Method public void testcases.TC003Login.verifyLogin(java.lang.String,java.lang.String) requires a @DataProvider named : dp">
      <![CDATA[org.testng.TestNGException: 
Method public void testcases.TC003Login.verifyLogin(java.lang.String,java.lang.String) requires a @DataProvider named : dp
... Removed 26 stack frames]]>
    </failure>
  </testcase> <!-- verifyLogin -->
</testsuite> <!-- login -->
